<?xml version="1.0" encoding="UTF-8"?>
<testsuite xmlns:xsi="http://www.w3.org/2001/XMLSchema-instance" xsi:noNamespaceSchemaLocation="https://maven.apache.org/surefire/maven-surefire-plugin/xsd/surefire-test-report-3.0.xsd" version="3.0" name="org.example.testRunner.runners" time="220.296" tests="19" errors="0" skipped="0" failures="3">
  <properties>
[...]
</properties>
  <testcase name="runScenario" classname="org.example.testRunner.runners" time="15.353"/>
  <testcase name="runScenario" classname="org.example.testRunner.runners" time="13.275"/>
  <testcase name="runScenario" classname="org.example.testRunner.runners" time="12.509"/>
  <testcase name="runScenario" classname="org.example.testRunner.runners" time="8.672"/>
  <testcase name="runScenario" classname="org.example.testRunner.runners" time="17.173"/>
  <testcase name="runScenario" classname="org.example.testRunner.runners" time="17.234"/>
  <testcase name="runScenario" classname="org.example.testRunner.runners" time="17.173"/>
  <testcase name="runScenario" classname="org.example.testRunner.runners" time="9.049"/>
  <testcase name="runScenario" classname="org.example.testRunner.runners" time="9.388"/>
  <testcase name="runScenario" classname="org.example.testRunner.runners" time="10.649"/>
  <testcase name="runScenario" classname="org.example.testRunner.runners" time="7.367"/>
  <testcase name="runScenario" classname="org.example.testRunner.runners" time="6.061">
    <failure message="expected [https://demo.nopcommerce.com/nokia-lumia-1020] but found [https://demo.nopcommerce.com/]" type="java.lang.AssertionError"><![CDATA[java.lang.AssertionError: expected [https://demo.nopcommerce.com/nokia-lumia-1020] but found [https://demo.nopcommerce.com/]
]]></failure>
    <system-out><![CDATA[https://demo.nopcommerce.com/

@smoke
Scenario: guest user could register with valid data successfully &amp#27;[90m# src/main/resources/features/F01_Register.feature:3&amp#27;[0m
  &amp#27;[32mGiven &amp#27;[0m&amp#27;[32muser go to register page&amp#27;[0m                                 &amp#27;[90m# org.example.stepDefs.D01_registerStepDef.RegisterPage()&amp#27;[0m
  &amp#27;[32mWhen &amp#27;[0m&amp#27;[32muser select gender type&amp#27;[0m                                   &amp#27;[90m# org.example.stepDefs.D01_registerStepDef.selectGender()&amp#27;[0m
  &amp#27;[32mAnd &amp#27;[0m&amp#27;[32muser enter first name "&amp#27;[0m&amp#27;[32m&amp#27;[1mautomation&amp#27;[0m&amp#27;[32m" and "&amp#27;[0m&amp#27;[32m&amp#27;[1mtester&amp#27;[0m&amp#27;[32m"&amp#27;[0m            &amp#27;[90m# org.example.stepDefs.D01_registerStepDef.enterValidFnameAndLastName(java.lang.String,java.lang.String)&amp#27;[0m
  &amp#27;[32mWhen &amp#27;[0m&amp#27;[32muser enter date of birth&amp#27;[0m                                  &amp#27;[90m# org.example.stepDefs.D01_registerStepDef.enterDateBirth()&amp#27;[0m
  &amp#27;[32mAnd &amp#27;[0m&amp#27;[32muser enter email "&amp#27;[0m&amp#27;[32m&amp#27;[1mtesth9@example.com&amp#27;[0m&amp#27;[32m"&amp#27;[0m                      &amp#27;[90m# org.example.stepDefs.D01_registerStepDef.enterValidMail(java.lang.String)&amp#27;[0m
  &amp#27;[32mWhen &amp#27;[0m&amp#27;[32muser fills Password fields&amp#27;[0m                                &amp#27;[90m# org.example.stepDefs.D01_registerStepDef.enterPWS()&amp#27;[0m
  &amp#27;[32mAnd &amp#27;[0m&amp#27;[32muser clicks on register button&amp#27;[0m                             &amp#27;[90m# org.example.stepDefs.D01_registerStepDef.clickRegisterBtn()&amp#27;[0m
  &amp#27;[32mThen &amp#27;[0m&amp#27;[32msuccess message is displayed&amp#27;[0m                              &amp#27;[90m# org.example.stepDefs.D01_registerStepDef.verifySuccessMsg()&amp#27;[0m

@smoke
Scenario: user could login with valid email and password &amp#27;[90m# src/main/resources/features/F02_Login.feature:4&amp#27;[0m
  &amp#27;[32mGiven &amp#27;[0m&amp#27;[32muser go to login page&amp#27;[0m                            &amp#27;[90m# org.example.stepDefs.D02_loginStepDef.accessLoginPage()&amp#27;[0m
  &amp#27;[32mWhen &amp#27;[0m&amp#27;[32muser login "&amp#27;[0m&amp#27;[32m&amp#27;[1mtesth9@example.com&amp#27;[0m&amp#27;[32m" and "&amp#27;[0m&amp#27;[32m&amp#27;[1mP@ssw0rd&amp#27;[0m&amp#27;[32m"&amp#27;[0m    &amp#27;[90m# org.example.stepDefs.D02_loginStepDef.entervalidUnAndPw(java.lang.String,java.lang.String)&amp#27;[0m
  &amp#27;[32mAnd &amp#27;[0m&amp#27;[32muser press on login button&amp#27;[0m                         &amp#27;[90m# org.example.stepDefs.D02_loginStepDef.clickLoginBtn()&amp#27;[0m
  &amp#27;[32mThen &amp#27;[0m&amp#27;[32muser login to the system successfully&amp#27;[0m             &amp#27;[90m# org.example.stepDefs.D02_loginStepDef.successLogin()&amp#27;[0m

@smoke
Scenario: user could login with invalid email and password &amp#27;[90m# src/main/resources/features/F02_Login.feature:11&amp#27;[0m
  &amp#27;[32mGiven &amp#27;[0m&amp#27;[32muser go to login page&amp#27;[0m                              &amp#27;[90m# org.example.stepDefs.D02_loginStepDef.accessLoginPage()&amp#27;[0m
  &amp#27;[32mWhen &amp#27;[0m&amp#27;[32muser login "&amp#27;[0m&amp#27;[32m&amp#27;[1mwrong@example.com&amp#27;[0m&amp#27;[32m" and "&amp#27;[0m&amp#27;[32m&amp#27;[1mP@ssw0rd&amp#27;[0m&amp#27;[32m"&amp#27;[0m       &amp#27;[90m# org.example.stepDefs.D02_loginStepDef.entervalidUnAndPw(java.lang.String,java.lang.String)&amp#27;[0m
  &amp#27;[32mAnd &amp#27;[0m&amp#27;[32muser press on login button&amp#27;[0m                           &amp#27;[90m# org.example.stepDefs.D02_loginStepDef.clickLoginBtn()&amp#27;[0m
  &amp#27;[32mThen &amp#27;[0m&amp#27;[32muser could not login to the system&amp#27;[0m                  &amp#27;[90m# org.example.stepDefs.D02_loginStepDef.failToLogin()&amp#27;[0m

@smoke
Scenario: Select Euro currency from the  list on the top left of home page &amp#27;[90m# src/main/resources/features/F03_currencies.feature:3&amp#27;[0m
  &amp#27;[32mWhen &amp#27;[0m&amp#27;[32muser select EURO from list&amp#27;[0m                                          &amp#27;[90m# org.example.stepDefs.D03_currenciesStepDef.selectEuroCurrency()&amp#27;[0m
  &amp#27;[32mThen &amp#27;[0m&amp#27;[32mAll produucts soould be displayed with Euro Symbol&amp#27;[0m                  &amp#27;[90m# org.example.stepDefs.D03_currenciesStepDef.allProduuctsSoouldBeDisplayedWithEuroSymbol()&amp#27;[0m

@smoke
Scenario Outline: User will search for products with Name &amp#27;[90m# src/main/resources/features/F04_Search.feature:9&amp#27;[0m
  &amp#27;[32mWhen &amp#27;[0m&amp#27;[32mUser clicks on  search field&amp#27;[0m                       &amp#27;[90m# org.example.stepDefs.D04_searchStepDef.userClicksOnSearchField()&amp#27;[0m
  &amp#27;[32mAnd &amp#27;[0m&amp#27;[32mSearch with &amp#27;[0m&amp#27;[32m&amp#27;[1m"book"&amp#27;[0m                                  &amp#27;[90m# org.example.stepDefs.D04_searchStepDef.searchWith(java.lang.String)&amp#27;[0m
  &amp#27;[32mThen &amp#27;[0m&amp#27;[32mUser could find &amp#27;[0m&amp#27;[32m&amp#27;[1m"book"&amp#27;[0m&amp#27;[32m relative results&amp#27;[0m            &amp#27;[90m# org.example.stepDefs.D04_searchStepDef.userCouldFindRelativeResults(java.lang.String)&amp#27;[0m

@smoke
Scenario Outline: User will search for products with Name &amp#27;[90m# src/main/resources/features/F04_Search.feature:10&amp#27;[0m
  &amp#27;[32mWhen &amp#27;[0m&amp#27;[32mUser clicks on  search field&amp#27;[0m                       &amp#27;[90m# org.example.stepDefs.D04_searchStepDef.userClicksOnSearchField()&amp#27;[0m
  &amp#27;[32mAnd &amp#27;[0m&amp#27;[32mSearch with &amp#27;[0m&amp#27;[32m&amp#27;[1m"laptop"&amp#27;[0m                                &amp#27;[90m# org.example.stepDefs.D04_searchStepDef.searchWith(java.lang.String)&amp#27;[0m
  &amp#27;[32mThen &amp#27;[0m&amp#27;[32mUser could find &amp#27;[0m&amp#27;[32m&amp#27;[1m"laptop"&amp#27;[0m&amp#27;[32m relative results&amp#27;[0m          &amp#27;[90m# org.example.stepDefs.D04_searchStepDef.userCouldFindRelativeResults(java.lang.String)&amp#27;[0m

@smoke
Scenario Outline: User will search for products with Name &amp#27;[90m# src/main/resources/features/F04_Search.feature:11&amp#27;[0m
  &amp#27;[32mWhen &amp#27;[0m&amp#27;[32mUser clicks on  search field&amp#27;[0m                       &amp#27;[90m# org.example.stepDefs.D04_searchStepDef.userClicksOnSearchField()&amp#27;[0m
  &amp#27;[32mAnd &amp#27;[0m&amp#27;[32mSearch with &amp#27;[0m&amp#27;[32m&amp#27;[1m"nike"&amp#27;[0m                                  &amp#27;[90m# org.example.stepDefs.D04_searchStepDef.searchWith(java.lang.String)&amp#27;[0m
  &amp#27;[32mThen &amp#27;[0m&amp#27;[32mUser could find &amp#27;[0m&amp#27;[32m&amp#27;[1m"nike"&amp#27;[0m&amp#27;[32m relative results&amp#27;[0m            &amp#27;[90m# org.example.stepDefs.D04_searchStepDef.userCouldFindRelativeResults(java.lang.String)&amp#27;[0m

@smoke
Scenario Outline: User will search for products with SKU &amp#27;[90m# src/main/resources/features/F04_Search.feature:19&amp#27;[0m
  &amp#27;[32mWhen &amp#27;[0m&amp#27;[32mUser clicks on  search field&amp#27;[0m                      &amp#27;[90m# org.example.stepDefs.D04_searchStepDef.userClicksOnSearchField()&amp#27;[0m
  &amp#27;[32mAnd &amp#27;[0m&amp#27;[32mSearch with &amp#27;[0m&amp#27;[32m&amp#27;[1m"SCI_FAITH"&amp#27;[0m                            &amp#27;[90m# org.example.stepDefs.D04_searchStepDef.searchWith(java.lang.String)&amp#27;[0m
  &amp#27;[32mThen &amp#27;[0m&amp#27;[32mUser could find &amp#27;[0m&amp#27;[32m&amp#27;[1m"SCI_FAITH"&amp#27;[0m&amp#27;[32m product details page&amp#27;[0m  &amp#27;[90m# org.example.stepDefs.D04_searchStepDef.userCouldFindProductDetailsPage(java.lang.String)&amp#27;[0m

@smoke
Scenario Outline: User will search for products with SKU &amp#27;[90m# src/main/resources/features/F04_Search.feature:20&amp#27;[0m
  &amp#27;[32mWhen &amp#27;[0m&amp#27;[32mUser clicks on  search field&amp#27;[0m                      &amp#27;[90m# org.example.stepDefs.D04_searchStepDef.userClicksOnSearchField()&amp#27;[0m
  &amp#27;[32mAnd &amp#27;[0m&amp#27;[32mSearch with &amp#27;[0m&amp#27;[32m&amp#27;[1m"APPLE_CAM"&amp#27;[0m                            &amp#27;[90m# org.example.stepDefs.D04_searchStepDef.searchWith(java.lang.String)&amp#27;[0m
  &amp#27;[32mThen &amp#27;[0m&amp#27;[32mUser could find &amp#27;[0m&amp#27;[32m&amp#27;[1m"APPLE_CAM"&amp#27;[0m&amp#27;[32m product details page&amp#27;[0m  &amp#27;[90m# org.example.stepDefs.D04_searchStepDef.userCouldFindProductDetailsPage(java.lang.String)&amp#27;[0m

@smoke
Scenario Outline: User will search for products with SKU &amp#27;[90m# src/main/resources/features/F04_Search.feature:21&amp#27;[0m
  &amp#27;[32mWhen &amp#27;[0m&amp#27;[32mUser clicks on  search field&amp#27;[0m                      &amp#27;[90m# org.example.stepDefs.D04_searchStepDef.userClicksOnSearchField()&amp#27;[0m
  &amp#27;[32mAnd &amp#27;[0m&amp#27;[32mSearch with &amp#27;[0m&amp#27;[32m&amp#27;[1m"SF_PRO_11"&amp#27;[0m                            &amp#27;[90m# org.example.stepDefs.D04_searchStepDef.searchWith(java.lang.String)&amp#27;[0m
  &amp#27;[32mThen &amp#27;[0m&amp#27;[32mUser could find &amp#27;[0m&amp#27;[32m&amp#27;[1m"SF_PRO_11"&amp#27;[0m&amp#27;[32m product details page&amp#27;[0m  &amp#27;[90m# org.example.stepDefs.D04_searchStepDef.userCouldFindProductDetailsPage(java.lang.String)&amp#27;[0m

@smoke
Scenario: user could choose Main categories then Subcategory &amp#27;[90m# src/main/resources/features/F05_hoverCategories.feature:3&amp#27;[0m
  &amp#27;[32mWhen &amp#27;[0m&amp#27;[32mView the title of sub to select&amp#27;[0m                       &amp#27;[90m# org.example.stepDefs.D05_hoverCategoriesStepDef.userSelectComputerCategoriesThenSoftwareSubcategory()&amp#27;[0m

@smoke
Scenario: when click on first slider to direct user to nokia-lumia-1020 (fail) &amp#27;[90m# src/main/resources/features/F06_homeSliders.feature:3&amp#27;[0m
  &amp#27;[31mWhen &amp#27;[0m&amp#27;[31mclick on slider Then User to redirect to uncorrect site&amp#27;[0m                 &amp#27;[90m# org.example.stepDefs.D06_homeSlidersStepDef.clickOnSlider()&amp#27;[0m
      &amp#27;[31mjava.lang.AssertionError: expected [https://demo.nopcommerce.com/nokia-lumia-1020] but found [https://demo.nopcommerce.com/]
	at org.testng.Assert.fail(Assert.j]]></system-out>
    <system-err><![CDATA[Starting ChromeDriver 105.0.5195.52 (412c95e518836d8a7d97250d62b29c2ae6a26a85-refs/branch-heads/5195@{#853}) on port 51877
Only local connections are allowed.
Please see https://chromedriver.chromium.org/security-considerations for suggestions on keeping ChromeDriver safe.
ChromeDriver was started successfully.
Sep 13, 2022 1:06:38 PM org.openqa.selenium.remote.ProtocolHandshake createSession
INFO: Detected upstream dialect: W3C
Sep 13, 2022 1:06:38 PM org.openqa.selenium.devtools.CdpVersionFinder findNearestMatch
WARNING: Unable to find an exact match for CDP version 105, so returning the closest version found: 104
Sep 13, 2022 1:06:38 PM org.openqa.selenium.devtools.CdpVersionFinder findNearestMatch
INFO: Found CDP implementation for version 105 of 104
]]></system-err>
  </testcase>
  <testcase name="runScenario" classname="org.example.testRunner.runners" time="11.288">
    <failure message="Expected condition failed: waiting for title to contain &quot;https://demo.nopcommerce.com/iphone-6&quot;. Current title: &quot;nopCommerce demo store&quot; (tried for 5 second(s) with 500 milliseconds interval)&#10;Build info: version: &apos;4.4.0&apos;, revision: &apos;e5c75ed026a&apos;&#10;System info: host: &apos;LAPTOP-VF13KVV6&apos;, ip: &apos;192.168.8.101&apos;, os.name: &apos;Windows 10&apos;, os.arch: &apos;amd64&apos;, os.version: &apos;10.0&apos;, java.version: &apos;1.8.0_341&apos;&#10;Driver info: org.openqa.selenium.chrome.ChromeDriver&#10;Capabilities {acceptInsecureCerts: false, browserName: chrome, browserVersion: 105.0.5195.102, chrome: {chromedriverVersion: 105.0.5195.52 (412c95e51883..., userDataDir: C:\Users\halas\AppData\Loca...}, goog:chromeOptions: {debuggerAddress: localhost:63303}, networkConnectionEnabled: false, pageLoadStrategy: normal, platformName: WINDOWS, proxy: Proxy(), se:cdp: ws://localhost:63303/devtoo..., se:cdpVersion: 105.0.5195.102, setWindowRect: true, strictFileInteractability: false, timeouts: {implicit: 0, pageLoad: 300000, script: 30000}, unhandledPromptBehavior: dismiss and notify, webauthn:extension:credBlob: true, webauthn:extension:largeBlob: true, webauthn:virtualAuthenticators: true}&#10;Session ID: 7784ebe2ad8fb55c774a69ab70d9f137" type="org.openqa.selenium.TimeoutException"><![CDATA[org.openqa.selenium.TimeoutException: 
Expected condition failed: waiting for title to contain "https://demo.nopcommerce.com/iphone-6". Current title: "nopCommerce demo store" (tried for 5 second(s) with 500 milliseconds interval)
Build info: version: '4.4.0', revision: 'e5c75ed026a'
System info: host: 'LAPTOP-VF13KVV6', ip: '192.168.8.101', os.name: 'Windows 10', os.arch: 'amd64', os.version: '10.0', java.version: '1.8.0_341'
Driver info: org.openqa.selenium.chrome.ChromeDriver
Capabilities {acceptInsecureCerts: false, browserName: chrome, browserVersion: 105.0.5195.102, chrome: {chromedriverVersion: 105.0.5195.52 (412c95e51883..., userDataDir: C:\Users\halas\AppData\Loca...}, goog:chromeOptions: {debuggerAddress: localhost:63303}, networkConnectionEnabled: false, pageLoadStrategy: normal, platformName: WINDOWS, proxy: Proxy(), se:cdp: ws://localhost:63303/devtoo..., se:cdpVersion: 105.0.5195.102, setWindowRect: true, strictFileInteractability: false, timeouts: {implicit: 0, pageLoad: 300000, script: 30000}, unhandledPromptBehavior: dismiss and notify, webauthn:extension:credBlob: true, webauthn:extension:largeBlob: true, webauthn:virtualAuthenticators: true}
Session ID: 7784ebe2ad8fb55c774a69ab70d9f137
]]></failure>
    <system-err><![CDATA[Starting ChromeDriver 105.0.5195.52 (412c95e518836d8a7d97250d62b29c2ae6a26a85-refs/branch-heads/5195@{#853}) on port 50916
Only local connections are allowed.
Please see https://chromedriver.chromium.org/security-considerations for suggestions on keeping ChromeDriver safe.
ChromeDriver was started successfully.
Sep 13, 2022 1:06:44 PM org.openqa.selenium.remote.ProtocolHandshake createSession
INFO: Detected upstream dialect: W3C
Sep 13, 2022 1:06:44 PM org.openqa.selenium.devtools.CdpVersionFinder findNearestMatch
WARNING: Unable to find an exact match for CDP version 105, so returning the closest version found: 104
Sep 13, 2022 1:06:44 PM org.openqa.selenium.devtools.CdpVersionFinder findNearestMatch
INFO: Found CDP implementation for version 105 of 104
]]></system-err>
  </testcase>
  <testcase name="runScenario" classname="org.example.testRunner.runners" time="10.291"/>
  <testcase name="runScenario" classname="org.example.testRunner.runners" time="10.249"/>
  <testcase name="runScenario" classname="org.example.testRunner.runners" time="10.454">
    <failure message="Index: 1, Size: 1" type="java.lang.IndexOutOfBoundsException"><![CDATA[java.lang.IndexOutOfBoundsException: Index: 1, Size: 1
]]></failure>
    <system-err><![CDATA[Starting ChromeDriver 105.0.5195.52 (412c95e518836d8a7d97250d62b29c2ae6a26a85-refs/branch-heads/5195@{#853}) on port 64551
Only local connections are allowed.
Please see https://chromedriver.chromium.org/security-considerations for suggestions on keeping ChromeDriver safe.
ChromeDriver was started successfully.
Sep 13, 2022 1:07:16 PM org.openqa.selenium.remote.ProtocolHandshake createSession
INFO: Detected upstream dialect: W3C
Sep 13, 2022 1:07:16 PM org.openqa.selenium.devtools.CdpVersionFinder findNearestMatch
WARNING: Unable to find an exact match for CDP version 105, so returning the closest version found: 104
Sep 13, 2022 1:07:16 PM org.openqa.selenium.devtools.CdpVersionFinder findNearestMatch
INFO: Found CDP implementation for version 105 of 104
]]></system-err>
  </testcase>
  <testcase name="runScenario" classname="org.example.testRunner.runners" time="12.021"/>
  <testcase name="runScenario" classname="org.example.testRunner.runners" time="7.433"/>
  <testcase name="runScenario" classname="org.example.testRunner.runners" time="13.341"/>
</testsuite>